  Grid.cpp
f:\documents\visual studio 2015\projects\candycrush\source\candycrush\grid.cpp(97): warning C4244: '=': conversion from 'float' to 'int', possible loss of data
f:\documents\visual studio 2015\projects\candycrush\source\candycrush\grid.cpp(98): warning C4244: '=': conversion from 'float' to 'int', possible loss of data
f:\documents\visual studio 2015\projects\candycrush\source\candycrush\grid.cpp(99): warning C4244: '=': conversion from 'float' to 'int', possible loss of data
f:\documents\visual studio 2015\projects\candycrush\source\candycrush\grid.cpp(100): warning C4244: '=': conversion from 'float' to 'int', possible loss of data
f:\documents\visual studio 2015\projects\candycrush\source\candycrush\grid.cpp(141): warning C4244: '=': conversion from 'float' to 'int', possible loss of data
  CandyCrush.vcxproj -> F:\Documents\Visual Studio 2015\Projects\CandyCrush\\build\Win32Debug\CandyCrush.exe
  CandyCrush.vcxproj -> F:\Documents\Visual Studio 2015\Projects\CandyCrush\\build\Win32Debug\CandyCrush.pdb (Full PDB)
  F:\Documents\Visual Studio 2015\Projects\CandyCrush\\deps\dll\x86\libFLAC-8.dll
  F:\Documents\Visual Studio 2015\Projects\CandyCrush\\deps\dll\x86\libfreetype-6.dll
  F:\Documents\Visual Studio 2015\Projects\CandyCrush\\deps\dll\x86\libjpeg-9.dll
  F:\Documents\Visual Studio 2015\Projects\CandyCrush\\deps\dll\x86\libmodplug-1.dll
  F:\Documents\Visual Studio 2015\Projects\CandyCrush\\deps\dll\x86\libogg-0.dll
  F:\Documents\Visual Studio 2015\Projects\CandyCrush\\deps\dll\x86\libpng16-16.dll
  F:\Documents\Visual Studio 2015\Projects\CandyCrush\\deps\dll\x86\libtiff-5.dll
  F:\Documents\Visual Studio 2015\Projects\CandyCrush\\deps\dll\x86\libvorbis-0.dll
  F:\Documents\Visual Studio 2015\Projects\CandyCrush\\deps\dll\x86\libvorbisfile-3.dll
  F:\Documents\Visual Studio 2015\Projects\CandyCrush\\deps\dll\x86\libwebp-4.dll
  F:\Documents\Visual Studio 2015\Projects\CandyCrush\\deps\dll\x86\SDL2.dll
  F:\Documents\Visual Studio 2015\Projects\CandyCrush\\deps\dll\x86\SDL2_image.dll
  F:\Documents\Visual Studio 2015\Projects\CandyCrush\\deps\dll\x86\SDL2_mixer.dll
  F:\Documents\Visual Studio 2015\Projects\CandyCrush\\deps\dll\x86\SDL2_net.dll
  F:\Documents\Visual Studio 2015\Projects\CandyCrush\\deps\dll\x86\SDL2_ttf.dll
  F:\Documents\Visual Studio 2015\Projects\CandyCrush\\deps\dll\x86\smpeg2.dll
  F:\Documents\Visual Studio 2015\Projects\CandyCrush\\deps\dll\x86\zlib1.dll
  17 File(s) copied
