  Renderer.cpp
  main.cpp
  Grid.cpp
  Game.cpp
  Generating Code...
  CandyCrush.vcxproj -> C:\Users\jserrano\Downloads\CandyCrush\\bin\Win32Debug\CandyCrush.exe
  CandyCrush.vcxproj -> C:\Users\jserrano\Downloads\CandyCrush\\bin\Win32Debug\CandyCrush.pdb (Full PDB)
  C:\Users\jserrano\Downloads\CandyCrush\\dep\dll\x86\libFLAC-8.dll
  C:\Users\jserrano\Downloads\CandyCrush\\dep\dll\x86\libfreetype-6.dll
  C:\Users\jserrano\Downloads\CandyCrush\\dep\dll\x86\libjpeg-9.dll
  C:\Users\jserrano\Downloads\CandyCrush\\dep\dll\x86\libmodplug-1.dll
  C:\Users\jserrano\Downloads\CandyCrush\\dep\dll\x86\libogg-0.dll
  C:\Users\jserrano\Downloads\CandyCrush\\dep\dll\x86\libpng16-16.dll
  C:\Users\jserrano\Downloads\CandyCrush\\dep\dll\x86\libtiff-5.dll
  C:\Users\jserrano\Downloads\CandyCrush\\dep\dll\x86\libvorbis-0.dll
  C:\Users\jserrano\Downloads\CandyCrush\\dep\dll\x86\libvorbisfile-3.dll
  C:\Users\jserrano\Downloads\CandyCrush\\dep\dll\x86\libwebp-4.dll
  C:\Users\jserrano\Downloads\CandyCrush\\dep\dll\x86\SDL2.dll
  C:\Users\jserrano\Downloads\CandyCrush\\dep\dll\x86\SDL2_image.dll
  C:\Users\jserrano\Downloads\CandyCrush\\dep\dll\x86\SDL2_mixer.dll
  C:\Users\jserrano\Downloads\CandyCrush\\dep\dll\x86\SDL2_net.dll
  C:\Users\jserrano\Downloads\CandyCrush\\dep\dll\x86\SDL2_ttf.dll
  C:\Users\jserrano\Downloads\CandyCrush\\dep\dll\x86\smpeg2.dll
  C:\Users\jserrano\Downloads\CandyCrush\\dep\dll\x86\zlib1.dll
  17 File(s) copied
