  GameEngine.cpp
f:\documents\github\candycrushcpp\src\candycrush\Window.h(10): warning C4552: '!': operator has no effect; expected operator with side-effect
f:\documents\github\candycrushcpp\src\candycrush\Window.h(14): warning C4552: '!=': operator has no effect; expected operator with side-effect
f:\documents\github\candycrushcpp\src\candycrush\Renderer.h(13): warning C4552: '!=': operator has no effect; expected operator with side-effect
f:\documents\github\candycrushcpp\src\candycrush\Renderer.h(28): warning C4552: '!=': operator has no effect; expected operator with side-effect
f:\documents\github\candycrushcpp\src\candycrush\Renderer.h(31): warning C4552: '!=': operator has no effect; expected operator with side-effect
f:\documents\github\candycrushcpp\src\candycrush\GameEngine.h(26): error C2065: 'm_deltatime': undeclared identifier
  GameScene.cpp
f:\documents\github\candycrushcpp\src\candycrush\Scene.h(27): error C2061: syntax error: identifier 'Uint32'
f:\documents\github\candycrushcpp\src\candycrush\Window.h(10): warning C4552: '!': operator has no effect; expected operator with side-effect
f:\documents\github\candycrushcpp\src\candycrush\Window.h(14): warning C4552: '!=': operator has no effect; expected operator with side-effect
f:\documents\github\candycrushcpp\src\candycrush\Renderer.h(13): warning C4552: '!=': operator has no effect; expected operator with side-effect
f:\documents\github\candycrushcpp\src\candycrush\Renderer.h(28): warning C4552: '!=': operator has no effect; expected operator with side-effect
f:\documents\github\candycrushcpp\src\candycrush\Renderer.h(31): warning C4552: '!=': operator has no effect; expected operator with side-effect
f:\documents\github\candycrushcpp\src\candycrush\GameScene.h(18): error C3668: 'GameScene::Update': method with override specifier 'override' did not override any base class methods
f:\documents\github\candycrushcpp\src\candycrush\GameEngine.h(26): error C2065: 'm_deltatime': undeclared identifier
  main.cpp
f:\documents\github\candycrushcpp\src\candycrush\Window.h(10): warning C4552: '!': operator has no effect; expected operator with side-effect
f:\documents\github\candycrushcpp\src\candycrush\Window.h(14): warning C4552: '!=': operator has no effect; expected operator with side-effect
f:\documents\github\candycrushcpp\src\candycrush\Renderer.h(13): warning C4552: '!=': operator has no effect; expected operator with side-effect
f:\documents\github\candycrushcpp\src\candycrush\Renderer.h(28): warning C4552: '!=': operator has no effect; expected operator with side-effect
f:\documents\github\candycrushcpp\src\candycrush\Renderer.h(31): warning C4552: '!=': operator has no effect; expected operator with side-effect
f:\documents\github\candycrushcpp\src\candycrush\GameEngine.h(26): error C2065: 'm_deltatime': undeclared identifier
